<?xml version="1.0" encoding="utf-8"?><testsuites name="pytest tests"><testsuite name="pytest" errors="0" failures="0" skipped="0" tests="12" time="7.084" timestamp="2026-02-27T08:42:59.118585+00:00" hostname="agent-env-b3e46d62-8a25-4cd5-bf37-26d4b3ce151b"><testcase classname="backend.tests.test_admin_panel_v8.TestAdminLogin" name="test_admin_login_success" time="0.434" /><testcase classname="backend.tests.test_admin_panel_v8.TestAdminLogin" name="test_admin_login_rejects_staff" time="0.367" /><testcase classname="backend.tests.test_admin_panel_v8.TestAdminLogin" name="test_admin_login_wrong_password" time="0.606" /><testcase classname="backend.tests.test_admin_panel_v8.TestAdminLogin" name="test_admin_login_nonexistent_email" time="0.175" /><testcase classname="backend.tests.test_admin_panel_v8.TestUserLogin" name="test_staff_login_success" time="0.348" /><testcase classname="backend.tests.test_admin_panel_v8.TestUserLogin" name="test_admin_login_via_user_endpoint" time="0.675" /><testcase classname="backend.tests.test_admin_panel_v8.TestAdminOnlyEndpoints" name="test_get_users_with_admin_token" time="1.263" /><testcase classname="backend.tests.test_admin_panel_v8.TestAdminOnlyEndpoints" name="test_get_users_with_staff_token_fails" time="0.810" /><testcase classname="backend.tests.test_admin_panel_v8.TestAdminOnlyEndpoints" name="test_admin_dashboard_stats" time="0.787" /><testcase classname="backend.tests.test_admin_panel_v8.TestTokenSeparation" name="test_tokens_are_jwt_valid" time="0.873" /><testcase classname="backend.tests.test_admin_panel_v8.TestTestAdminAccount" name="test_test_admin_login" time="0.331" /><testcase classname="backend.tests.test_admin_panel_v8.TestTestAdminAccount" name="test_test_admin_via_admin_endpoint" time="0.347" /></testsuite></testsuites>