<?xml version="1.0" encoding="utf-8"?><testsuites name="pytest tests"><testsuite name="pytest" errors="0" failures="0" skipped="0" tests="12" time="8.860" timestamp="2026-02-28T01:36:04.881782+00:00" hostname="agent-env-b3e46d62-8a25-4cd5-bf37-26d4b3ce151b"><testcase classname="backend.tests.test_billing_feature.TestBillingFeature" name="test_farmer_billing_with_valid_dates" time="0.895" /><testcase classname="backend.tests.test_billing_feature.TestBillingFeature" name="test_farmer_billing_summary_calculation" time="0.727" /><testcase classname="backend.tests.test_billing_feature.TestBillingFeature" name="test_farmer_billing_invalid_id" time="0.731" /><testcase classname="backend.tests.test_billing_feature.TestBillingFeature" name="test_farmer_billing_empty_date_range" time="0.670" /><testcase classname="backend.tests.test_billing_feature.TestBillingFeature" name="test_farmer_billing_collection_data_structure" time="0.697" /><testcase classname="backend.tests.test_billing_feature.TestBillingFeature" name="test_customer_billing_with_valid_dates" time="0.711" /><testcase classname="backend.tests.test_billing_feature.TestBillingFeature" name="test_customer_billing_summary_calculation" time="0.879" /><testcase classname="backend.tests.test_billing_feature.TestBillingFeature" name="test_customer_billing_invalid_id" time="0.683" /><testcase classname="backend.tests.test_billing_feature.TestBillingFeature" name="test_customer_billing_empty_date_range" time="0.660" /><testcase classname="backend.tests.test_billing_feature.TestBillingFeature" name="test_customer_billing_sale_data_structure" time="0.657" /><testcase classname="backend.tests.test_billing_feature.TestBillingFeature" name="test_farmer_billing_requires_auth" time="0.685" /><testcase classname="backend.tests.test_billing_feature.TestBillingFeature" name="test_customer_billing_requires_auth" time="0.741" /></testsuite></testsuites>