<?xml version="1.0" encoding="utf-8"?><testsuites name="pytest tests"><testsuite name="pytest" errors="0" failures="0" skipped="0" tests="15" time="7.231" timestamp="2026-02-27T15:12:00.254277+00:00" hostname="agent-env-b3e46d62-8a25-4cd5-bf37-26d4b3ce151b"><testcase classname="backend.tests.test_bulk_orders.TestBulkOrders" name="test_create_bulk_order_direct_amount" time="0.543" /><testcase classname="backend.tests.test_bulk_orders.TestBulkOrders" name="test_create_bulk_order_qty_rate" time="0.466" /><testcase classname="backend.tests.test_bulk_orders.TestBulkOrders" name="test_create_bulk_order_halwai_type" time="0.526" /><testcase classname="backend.tests.test_bulk_orders.TestBulkOrders" name="test_create_bulk_order_other_type" time="0.536" /><testcase classname="backend.tests.test_bulk_orders.TestBulkOrders" name="test_get_all_bulk_orders" time="0.418" /><testcase classname="backend.tests.test_bulk_orders.TestBulkOrders" name="test_get_bulk_orders_filter_pending" time="0.408" /><testcase classname="backend.tests.test_bulk_orders.TestBulkOrders" name="test_get_bulk_orders_filter_delivered" time="0.411" /><testcase classname="backend.tests.test_bulk_orders.TestBulkOrders" name="test_update_order_status_to_delivered" time="0.519" /><testcase classname="backend.tests.test_bulk_orders.TestBulkOrders" name="test_update_order_status_to_cancelled" time="0.614" /><testcase classname="backend.tests.test_bulk_orders.TestBulkOrders" name="test_update_nonexistent_order" time="0.396" /><testcase classname="backend.tests.test_bulk_orders.TestBulkOrders" name="test_delete_bulk_order" time="0.549" /><testcase classname="backend.tests.test_bulk_orders.TestBulkOrders" name="test_delete_nonexistent_order" time="0.432" /><testcase classname="backend.tests.test_bulk_orders.TestBulkOrders" name="test_get_bulk_order_customers" time="0.433" /><testcase classname="backend.tests.test_bulk_orders.TestExistingBulkOrders" name="test_existing_orders_exist" time="0.403" /><testcase classname="backend.tests.test_bulk_orders.TestExistingBulkOrders" name="test_customer_search_endpoint" time="0.412" /></testsuite></testsuites>