<?xml version="1.0" encoding="utf-8"?><testsuites name="pytest tests"><testsuite name="pytest" errors="0" failures="0" skipped="0" tests="8" time="3.840" timestamp="2026-02-28T02:15:55.653892+00:00" hostname="agent-env-70e4b0e1-e432-4fe7-8f6f-c29e95dca6f6"><testcase classname="backend.tests.test_delete_and_repeat_features.TestDeleteSaleEndpoint" name="test_delete_sale_success" time="0.841" /><testcase classname="backend.tests.test_delete_and_repeat_features.TestDeleteSaleEndpoint" name="test_delete_sale_nonexistent" time="0.124" /><testcase classname="backend.tests.test_delete_and_repeat_features.TestDeleteSaleEndpoint" name="test_delete_sale_updates_customer_totals" time="0.549" /><testcase classname="backend.tests.test_delete_and_repeat_features.TestDeleteCollectionEndpoint" name="test_delete_collection_success" time="0.457" /><testcase classname="backend.tests.test_delete_and_repeat_features.TestDeleteCollectionEndpoint" name="test_delete_collection_nonexistent" time="0.119" /><testcase classname="backend.tests.test_delete_and_repeat_features.TestRepeatDaysFeature" name="test_create_multiple_sales_for_repeat_days" time="0.767" /><testcase classname="backend.tests.test_delete_and_repeat_features.TestRepeatDaysFeature" name="test_billing_includes_repeated_entries" time="0.606" /><testcase classname="backend.tests.test_delete_and_repeat_features.TestCacheBusting" name="test_billing_returns_fresh_data" time="0.267" /></testsuite></testsuites>