<?xml version="1.0" encoding="utf-8"?><testsuites name="pytest tests"><testsuite name="pytest" errors="0" failures="0" skipped="0" tests="10" time="3.084" timestamp="2026-02-28T06:20:15.361077+00:00" hostname="agent-env-70e4b0e1-e432-4fe7-8f6f-c29e95dca6f6"><testcase classname="backend.tests.test_edit_endpoints.TestDairySettings" name="test_get_dairy_settings_returns_200" time="0.594" /><testcase classname="backend.tests.test_edit_endpoints.TestDairySettings" name="test_dairy_settings_has_required_fields" time="0.109" /><testcase classname="backend.tests.test_edit_endpoints.TestUpdateCollection" name="test_update_collection_quantity" time="0.325" /><testcase classname="backend.tests.test_edit_endpoints.TestUpdateCollection" name="test_update_collection_rate" time="0.528" /><testcase classname="backend.tests.test_edit_endpoints.TestUpdateCollection" name="test_update_nonexistent_collection_returns_404" time="0.101" /><testcase classname="backend.tests.test_edit_endpoints.TestUpdateSale" name="test_update_sale_quantity" time="0.317" /><testcase classname="backend.tests.test_edit_endpoints.TestUpdateSale" name="test_update_sale_rate" time="0.350" /><testcase classname="backend.tests.test_edit_endpoints.TestUpdateSale" name="test_update_nonexistent_sale_returns_404" time="0.139" /><testcase classname="backend.tests.test_edit_endpoints.TestBillingEndpoints" name="test_farmer_billing_returns_collection_ids" time="0.217" /><testcase classname="backend.tests.test_edit_endpoints.TestBillingEndpoints" name="test_customer_billing_returns_sale_ids" time="0.212" /></testsuite></testsuites>