<?xml version="1.0" encoding="utf-8"?><testsuites name="pytest tests"><testsuite name="pytest" errors="0" failures="0" skipped="0" tests="10" time="5.644" timestamp="2026-02-25T15:11:46.793266+00:00" hostname="agent-env-ab66233f-576d-44cd-a3b1-e55acc71e71d"><testcase classname="backend.tests.test_edit_endpoints.TestEditEndpoints" name="test_put_farmer_endpoint_exists" time="0.522" /><testcase classname="backend.tests.test_edit_endpoints.TestEditEndpoints" name="test_create_and_update_farmer" time="0.662" /><testcase classname="backend.tests.test_edit_endpoints.TestEditEndpoints" name="test_update_farmer_partial_fields" time="0.605" /><testcase classname="backend.tests.test_edit_endpoints.TestEditEndpoints" name="test_update_farmer_not_found" time="0.448" /><testcase classname="backend.tests.test_edit_endpoints.TestEditEndpoints" name="test_put_customer_endpoint_exists" time="0.447" /><testcase classname="backend.tests.test_edit_endpoints.TestEditEndpoints" name="test_create_and_update_customer" time="0.574" /><testcase classname="backend.tests.test_edit_endpoints.TestEditEndpoints" name="test_update_customer_partial_fields" time="0.507" /><testcase classname="backend.tests.test_edit_endpoints.TestEditEndpoints" name="test_update_customer_not_found" time="0.622" /><testcase classname="backend.tests.test_edit_endpoints.TestEditEndpoints" name="test_update_farmer_with_empty_optional_fields" time="0.633" /><testcase classname="backend.tests.test_edit_endpoints.TestEditEndpoints" name="test_update_customer_type_change" time="0.565" /></testsuite></testsuites>