<?xml version="1.0" encoding="utf-8"?><testsuites name="pytest tests"><testsuite name="pytest" errors="0" failures="0" skipped="0" tests="10" time="3.279" timestamp="2026-02-28T06:33:00.324857+00:00" hostname="agent-env-70e4b0e1-e432-4fe7-8f6f-c29e95dca6f6"><testcase classname="backend.tests.test_edit_delete_features_v14.TestFarmerCRUD" name="test_create_farmer_for_edit" time="0.500" /><testcase classname="backend.tests.test_edit_delete_features_v14.TestFarmerCRUD" name="test_update_farmer_phone" time="0.344" /><testcase classname="backend.tests.test_edit_delete_features_v14.TestFarmerCRUD" name="test_update_farmer_milk_type_and_rates" time="0.353" /><testcase classname="backend.tests.test_edit_delete_features_v14.TestFarmerCRUD" name="test_delete_farmer" time="0.401" /><testcase classname="backend.tests.test_edit_delete_features_v14.TestFarmerCRUD" name="test_delete_nonexistent_farmer_returns_404" time="0.099" /><testcase classname="backend.tests.test_edit_delete_features_v14.TestCollectionCRUD" name="test_create_and_update_collection" time="0.547" /><testcase classname="backend.tests.test_edit_delete_features_v14.TestSaleCRUD" name="test_create_and_update_sale" time="0.536" /><testcase classname="backend.tests.test_edit_delete_features_v14.TestUserNameInBilling" name="test_auth_me_returns_user_name" time="0.120" /><testcase classname="backend.tests.test_edit_delete_features_v14.TestFarmersPageRequirements" name="test_farmers_list_has_edit_delete_data" time="0.100" /><testcase classname="backend.tests.test_edit_delete_features_v14.TestFarmersPageRequirements" name="test_farmer_update_preserves_balance" time="0.210" /></testsuite></testsuites>