<?xml version="1.0" encoding="utf-8"?><testsuites name="pytest tests"><testsuite name="pytest" errors="0" failures="0" skipped="0" tests="76" time="4.914" timestamp="2026-02-25T06:56:42.974901+00:00" hostname="agent-env-e56a205e-0b9c-4199-ab5b-0a57fe3f8295"><testcase classname="backend.tests.test_new_features.TestThermalBill" name="test_thermal_bill_html_generated" time="0.447" /><testcase classname="backend.tests.test_new_features.TestThermalBill" name="test_thermal_bill_content" time="0.049" /><testcase classname="backend.tests.test_new_features.TestThermalBill" name="test_thermal_bill_not_found" time="0.056" /><testcase classname="backend.tests.test_new_features.TestA4Invoice" name="test_a4_invoice_html_generated" time="0.058" /><testcase classname="backend.tests.test_new_features.TestA4Invoice" name="test_a4_invoice_professional_styling" time="0.050" /><testcase classname="backend.tests.test_new_features.TestA4Invoice" name="test_a4_invoice_content" time="0.049" /><testcase classname="backend.tests.test_new_features.TestA4Invoice" name="test_a4_invoice_not_found" time="0.046" /><testcase classname="backend.tests.test_new_features.TestOCRRateChartUpload" name="test_ocr_upload_without_file_fails" time="0.046" /><testcase classname="backend.tests.test_new_features.TestOCRRateChartUpload" name="test_ocr_upload_invalid_file_type" time="0.110" /><testcase classname="backend.tests.test_new_features.TestPWA" name="test_manifest_accessible" time="0.049" /><testcase classname="backend.tests.test_new_features.TestPWA" name="test_manifest_content" time="0.051" /><testcase classname="backend.tests.test_new_features.TestPWA" name="test_manifest_icons" time="0.054" /><testcase classname="backend.tests.test_new_features.TestCSVExportEndpoints" name="test_export_collections_csv" time="0.048" /><testcase classname="backend.tests.test_new_features.TestCSVExportEndpoints" name="test_export_farmers_csv" time="0.054" /><testcase classname="backend.tests.test_new_features.TestCSVExportEndpoints" name="test_export_payments_csv" time="0.046" /><testcase classname="backend.tests.test_new_features.TestCSVExportEndpoints" name="test_export_sales_csv" time="0.046" /><testcase classname="backend.tests.test_new_features.TestCSVExportEndpoints" name="test_export_expenses_csv" time="0.045" /><testcase classname="backend.tests.test_new_features.TestWhatsAppShareLinks" name="test_farmer_bill_whatsapp_share" time="0.047" /><testcase classname="backend.tests.test_new_features.TestReportsEndpoints" name="test_daily_report" time="0.049" /><testcase classname="backend.tests.test_new_features.TestReportsEndpoints" name="test_fat_average_report" time="0.053" /><testcase classname="backend.tests.test_new_features.TestReportsEndpoints" name="test_farmer_ranking_report" time="0.047" /><testcase classname="backend.tests.test_new_features.TestReportsEndpoints" name="test_monthly_summary" time="0.048" /><testcase classname="backend.tests.test_nirbani_dairy.TestHealthAndAuth" name="test_health_check" time="0.101" /><testcase classname="backend.tests.test_nirbani_dairy.TestHealthAndAuth" name="test_login_success" time="0.269" /><testcase classname="backend.tests.test_nirbani_dairy.TestHealthAndAuth" name="test_get_me" time="0.326" /><testcase classname="backend.tests.test_nirbani_dairy.TestFarmerCRUD" name="test_create_farmer" time="0.046" /><testcase classname="backend.tests.test_nirbani_dairy.TestFarmerCRUD" name="test_list_farmers" time="0.048" /><testcase classname="backend.tests.test_nirbani_dairy.TestFarmerCRUD" name="test_get_farmer_by_id" time="0.051" /><testcase classname="backend.tests.test_nirbani_dairy.TestFarmerCRUD" name="test_update_farmer" time="0.053" /><testcase classname="backend.tests.test_nirbani_dairy.TestFarmerCRUD" name="test_farmer_ledger" time="0.053" /><testcase classname="backend.tests.test_nirbani_dairy.TestMilkCollection" name="test_create_collection_with_auto_rate" time="0.054" /><testcase classname="backend.tests.test_nirbani_dairy.TestMilkCollection" name="test_get_collections_today" time="0.050" /><testcase classname="backend.tests.test_nirbani_dairy.TestMilkCollection" name="test_get_collections_filtered" time="0.046" /><testcase classname="backend.tests.test_nirbani_dairy.TestPayments" name="test_create_payment" time="0.050" /><testcase classname="backend.tests.test_nirbani_dairy.TestPayments" name="test_list_payments" time="0.050" /><testcase classname="backend.tests.test_nirbani_dairy.TestCustomersAndSales" name="test_create_customer" time="0.048" /><testcase classname="backend.tests.test_nirbani_dairy.TestCustomersAndSales" name="test_list_customers" time="0.048" /><testcase classname="backend.tests.test_nirbani_dairy.TestCustomersAndSales" name="test_create_sale" time="0.050" /><testcase classname="backend.tests.test_nirbani_dairy.TestCustomersAndSales" name="test_today_sales" time="0.052" /><testcase classname="backend.tests.test_nirbani_dairy.TestInventory" name="test_create_product" time="0.047" /><testcase classname="backend.tests.test_nirbani_dairy.TestInventory" name="test_list_products" time="0.048" /><testcase classname="backend.tests.test_nirbani_dairy.TestInventory" name="test_stock_update" time="0.051" /><testcase classname="backend.tests.test_nirbani_dairy.TestInventory" name="test_low_stock_products" time="0.052" /><testcase classname="backend.tests.test_nirbani_dairy.TestExpenses" name="test_create_expense" time="0.050" /><testcase classname="backend.tests.test_nirbani_dairy.TestExpenses" name="test_list_expenses" time="0.053" /><testcase classname="backend.tests.test_nirbani_dairy.TestExpenses" name="test_expense_summary" time="0.049" /><testcase classname="backend.tests.test_nirbani_dairy.TestBranchManagement" name="test_create_branch" time="0.048" /><testcase classname="backend.tests.test_nirbani_dairy.TestBranchManagement" name="test_list_branches" time="0.049" /><testcase classname="backend.tests.test_nirbani_dairy.TestBranchManagement" name="test_get_branch_by_id" time="0.047" /><testcase classname="backend.tests.test_nirbani_dairy.TestBranchManagement" name="test_update_branch" time="0.048" /><testcase classname="backend.tests.test_nirbani_dairy.TestBranchManagement" name="test_branch_stats" time="0.050" /><testcase classname="backend.tests.test_nirbani_dairy.TestBulkUpload" name="test_bulk_collection_template" time="0.048" /><testcase classname="backend.tests.test_nirbani_dairy.TestBulkUpload" name="test_bulk_farmer_template" time="0.049" /><testcase classname="backend.tests.test_nirbani_dairy.TestBulkUpload" name="test_bulk_upload_farmers" time="0.050" /><testcase classname="backend.tests.test_nirbani_dairy.TestReports" name="test_daily_report" time="0.047" /><testcase classname="backend.tests.test_nirbani_dairy.TestReports" name="test_fat_average_report" time="0.066" /><testcase classname="backend.tests.test_nirbani_dairy.TestReports" name="test_farmer_ranking_report" time="0.046" /><testcase classname="backend.tests.test_nirbani_dairy.TestReports" name="test_monthly_summary_report" time="0.060" /><testcase classname="backend.tests.test_nirbani_dairy.TestWhatsAppShare" name="test_farmer_bill_share" time="0.051" /><testcase classname="backend.tests.test_nirbani_dairy.TestWhatsAppShare" name="test_daily_report_share" time="0.051" /><testcase classname="backend.tests.test_nirbani_dairy.TestCSVExport" name="test_export_collections" time="0.048" /><testcase classname="backend.tests.test_nirbani_dairy.TestCSVExport" name="test_export_farmers" time="0.054" /><testcase classname="backend.tests.test_nirbani_dairy.TestCSVExport" name="test_export_payments" time="0.046" /><testcase classname="backend.tests.test_nirbani_dairy.TestCSVExport" name="test_export_sales" time="0.048" /><testcase classname="backend.tests.test_nirbani_dairy.TestCSVExport" name="test_export_expenses" time="0.045" /><testcase classname="backend.tests.test_nirbani_dairy.TestSettings" name="test_get_dairy_settings" time="0.057" /><testcase classname="backend.tests.test_nirbani_dairy.TestSettings" name="test_save_dairy_settings" time="0.050" /><testcase classname="backend.tests.test_nirbani_dairy.TestSettings" name="test_get_sms_templates" time="0.050" /><testcase classname="backend.tests.test_nirbani_dairy.TestSettings" name="test_save_sms_templates" time="0.047" /><testcase classname="backend.tests.test_nirbani_dairy.TestBillGeneration" name="test_farmer_bill_html" time="0.057" /><testcase classname="backend.tests.test_nirbani_dairy.TestBillGeneration" name="test_daily_bill_html" time="0.055" /><testcase classname="backend.tests.test_nirbani_dairy.TestDashboard" name="test_dashboard_stats" time="0.050" /><testcase classname="backend.tests.test_nirbani_dairy.TestDashboard" name="test_weekly_stats" time="0.057" /><testcase classname="backend.tests.test_nirbani_dairy.TestCleanup" name="test_delete_test_farmer" time="0.049" /><testcase classname="backend.tests.test_nirbani_dairy.TestCleanup" name="test_delete_test_branch" time="0.048" /><testcase classname="backend.tests.test_nirbani_dairy.TestCleanup" name="test_delete_test_expense" time="0.062" /></testsuite></testsuites>