<?xml version="1.0" encoding="utf-8"?><testsuites name="pytest tests"><testsuite name="pytest" errors="0" failures="0" skipped="0" tests="10" time="6.414" timestamp="2026-02-28T01:51:42.799559+00:00" hostname="agent-env-70e4b0e1-e432-4fe7-8f6f-c29e95dca6f6"><testcase classname="tests.test_live_data_entry_billing.TestLiveDataEntryBilling" name="test_create_collection_with_historical_date" time="0.789" /><testcase classname="tests.test_live_data_entry_billing.TestLiveDataEntryBilling" name="test_create_collection_with_rate_override" time="0.577" /><testcase classname="tests.test_live_data_entry_billing.TestLiveDataEntryBilling" name="test_create_collection_defaults_to_today" time="0.751" /><testcase classname="tests.test_live_data_entry_billing.TestLiveDataEntryBilling" name="test_collection_appears_in_farmer_billing" time="0.645" /><testcase classname="tests.test_live_data_entry_billing.TestLiveDataEntryBilling" name="test_create_sale_with_historical_date" time="0.500" /><testcase classname="tests.test_live_data_entry_billing.TestLiveDataEntryBilling" name="test_create_sale_with_qty_rate_mode" time="0.501" /><testcase classname="tests.test_live_data_entry_billing.TestLiveDataEntryBilling" name="test_create_sale_defaults_to_today" time="0.511" /><testcase classname="tests.test_live_data_entry_billing.TestLiveDataEntryBilling" name="test_sale_appears_in_customer_billing" time="0.609" /><testcase classname="tests.test_live_data_entry_billing.TestLiveDataEntryBilling" name="test_sale_products_variety" time="0.817" /><testcase classname="tests.test_live_data_entry_billing.TestDuplicateEntryPrevention" name="test_duplicate_collection_prevented" time="0.600" /></testsuite></testsuites>