<?xml version="1.0" encoding="utf-8"?><testsuites name="pytest tests"><testsuite name="pytest" errors="0" failures="1" skipped="0" tests="15" time="4.639" timestamp="2026-02-26T13:38:34.845589+00:00" hostname="agent-env-ab66233f-576d-44cd-a3b1-e55acc71e71d"><testcase classname="backend.tests.test_new_features_v5.TestShopSaleAPI" name="test_shop_sale_basic" time="0.731" /><testcase classname="backend.tests.test_new_features_v5.TestShopSaleAPI" name="test_shop_sale_with_customer_name" time="0.140" /><testcase classname="backend.tests.test_new_features_v5.TestShopSaleAPI" name="test_shop_sale_different_product" time="0.120" /><testcase classname="backend.tests.test_new_features_v5.TestShopSaleAPI" name="test_shop_sale_appears_in_today_sales" time="0.219" /><testcase classname="backend.tests.test_new_features_v5.TestDispatchBillAPI" name="test_dispatch_bill_returns_html" time="0.405" /><testcase classname="backend.tests.test_new_features_v5.TestDispatchBillAPI" name="test_dispatch_bill_contains_details" time="1.353" /><testcase classname="backend.tests.test_new_features_v5.TestDispatchBillAPI" name="test_dispatch_bill_not_found" time="0.104" /><testcase classname="backend.tests.test_new_features_v5.TestDairyStatementAPI" name="test_dairy_statement_returns_html" time="0.248" /><testcase classname="backend.tests.test_new_features_v5.TestDairyStatementAPI" name="test_dairy_statement_contains_summary" time="0.220" /><testcase classname="backend.tests.test_new_features_v5.TestDairyStatementAPI" name="test_dairy_statement_with_date_range" time="0.234" /><testcase classname="backend.tests.test_new_features_v5.TestDairyStatementAPI" name="test_dairy_statement_not_found" time="0.118" /><testcase classname="backend.tests.test_new_features_v5.TestProfitReportWithRetailSales" name="test_profit_report_has_retail_sales_field" time="0.107" /><testcase classname="backend.tests.test_new_features_v5.TestProfitReportWithRetailSales" name="test_profit_report_structure" time="0.123" /><testcase classname="backend.tests.test_new_features_v5.TestProfitReportWithRetailSales" name="test_profit_report_with_date_range" time="0.112"><failure message="KeyError: 'start'">backend/tests/test_new_features_v5.py:284: in test_profit_report_with_date_range
    assert data["period"]["start"] == "2026-01-01"
           ^^^^^^^^^^^^^^^^^^^^^^^
E   KeyError: 'start'</failure></testcase><testcase classname="backend.tests.test_new_features_v5.TestProfitReportWithRetailSales" name="test_retail_sales_included_in_profit_calculation" time="0.252" /></testsuite></testsuites>