<?xml version="1.0" encoding="utf-8"?><testsuites name="pytest tests"><testsuite name="pytest" errors="0" failures="0" skipped="0" tests="15" time="3.390" timestamp="2026-02-26T13:41:55.706382+00:00" hostname="agent-env-ab66233f-576d-44cd-a3b1-e55acc71e71d"><testcase classname="backend.tests.test_new_features_v5.TestShopSaleAPI" name="test_shop_sale_basic" time="0.560" /><testcase classname="backend.tests.test_new_features_v5.TestShopSaleAPI" name="test_shop_sale_with_customer_name" time="0.115" /><testcase classname="backend.tests.test_new_features_v5.TestShopSaleAPI" name="test_shop_sale_different_product" time="0.119" /><testcase classname="backend.tests.test_new_features_v5.TestShopSaleAPI" name="test_shop_sale_appears_in_today_sales" time="0.247" /><testcase classname="backend.tests.test_new_features_v5.TestDispatchBillAPI" name="test_dispatch_bill_returns_html" time="0.357" /><testcase classname="backend.tests.test_new_features_v5.TestDispatchBillAPI" name="test_dispatch_bill_contains_details" time="0.354" /><testcase classname="backend.tests.test_new_features_v5.TestDispatchBillAPI" name="test_dispatch_bill_not_found" time="0.134" /><testcase classname="backend.tests.test_new_features_v5.TestDairyStatementAPI" name="test_dairy_statement_returns_html" time="0.245" /><testcase classname="backend.tests.test_new_features_v5.TestDairyStatementAPI" name="test_dairy_statement_contains_summary" time="0.208" /><testcase classname="backend.tests.test_new_features_v5.TestDairyStatementAPI" name="test_dairy_statement_with_date_range" time="0.229" /><testcase classname="backend.tests.test_new_features_v5.TestDairyStatementAPI" name="test_dairy_statement_not_found" time="0.136" /><testcase classname="backend.tests.test_new_features_v5.TestProfitReportWithRetailSales" name="test_profit_report_has_retail_sales_field" time="0.130" /><testcase classname="backend.tests.test_new_features_v5.TestProfitReportWithRetailSales" name="test_profit_report_structure" time="0.121" /><testcase classname="backend.tests.test_new_features_v5.TestProfitReportWithRetailSales" name="test_profit_report_with_date_range" time="0.126" /><testcase classname="backend.tests.test_new_features_v5.TestProfitReportWithRetailSales" name="test_retail_sales_included_in_profit_calculation" time="0.223" /></testsuite></testsuites>