<?xml version="1.0" encoding="utf-8"?><testsuites name="pytest tests"><testsuite name="pytest" errors="0" failures="0" skipped="0" tests="22" time="1.883" timestamp="2026-02-25T06:53:54.023859+00:00" hostname="agent-env-e56a205e-0b9c-4199-ab5b-0a57fe3f8295"><testcase classname="backend.tests.test_new_features.TestThermalBill" name="test_thermal_bill_html_generated" time="0.589" /><testcase classname="backend.tests.test_new_features.TestThermalBill" name="test_thermal_bill_content" time="0.057" /><testcase classname="backend.tests.test_new_features.TestThermalBill" name="test_thermal_bill_not_found" time="0.076" /><testcase classname="backend.tests.test_new_features.TestA4Invoice" name="test_a4_invoice_html_generated" time="0.057" /><testcase classname="backend.tests.test_new_features.TestA4Invoice" name="test_a4_invoice_professional_styling" time="0.061" /><testcase classname="backend.tests.test_new_features.TestA4Invoice" name="test_a4_invoice_content" time="0.053" /><testcase classname="backend.tests.test_new_features.TestA4Invoice" name="test_a4_invoice_not_found" time="0.055" /><testcase classname="backend.tests.test_new_features.TestOCRRateChartUpload" name="test_ocr_upload_without_file_fails" time="0.056" /><testcase classname="backend.tests.test_new_features.TestOCRRateChartUpload" name="test_ocr_upload_invalid_file_type" time="0.102" /><testcase classname="backend.tests.test_new_features.TestPWA" name="test_manifest_accessible" time="0.049" /><testcase classname="backend.tests.test_new_features.TestPWA" name="test_manifest_content" time="0.047" /><testcase classname="backend.tests.test_new_features.TestPWA" name="test_manifest_icons" time="0.056" /><testcase classname="backend.tests.test_new_features.TestCSVExportEndpoints" name="test_export_collections_csv" time="0.052" /><testcase classname="backend.tests.test_new_features.TestCSVExportEndpoints" name="test_export_farmers_csv" time="0.051" /><testcase classname="backend.tests.test_new_features.TestCSVExportEndpoints" name="test_export_payments_csv" time="0.053" /><testcase classname="backend.tests.test_new_features.TestCSVExportEndpoints" name="test_export_sales_csv" time="0.051" /><testcase classname="backend.tests.test_new_features.TestCSVExportEndpoints" name="test_export_expenses_csv" time="0.054" /><testcase classname="backend.tests.test_new_features.TestWhatsAppShareLinks" name="test_farmer_bill_whatsapp_share" time="0.053" /><testcase classname="backend.tests.test_new_features.TestReportsEndpoints" name="test_daily_report" time="0.061" /><testcase classname="backend.tests.test_new_features.TestReportsEndpoints" name="test_fat_average_report" time="0.054" /><testcase classname="backend.tests.test_new_features.TestReportsEndpoints" name="test_farmer_ranking_report" time="0.057" /><testcase classname="backend.tests.test_new_features.TestReportsEndpoints" name="test_monthly_summary" time="0.058" /></testsuite></testsuites>