<?xml version="1.0" encoding="utf-8"?><testsuites name="pytest tests"><testsuite name="pytest" errors="0" failures="1" skipped="0" tests="17" time="5.406" timestamp="2026-02-27T04:53:27.941203+00:00" hostname="agent-env-ab66233f-576d-44cd-a3b1-e55acc71e71d"><testcase classname="backend.tests.test_sales_page_v6.TestAuth" name="test_login_success" time="0.780" /><testcase classname="backend.tests.test_sales_page_v6.TestShopSales" name="test_shop_sale_milk" time="0.459" /><testcase classname="backend.tests.test_sales_page_v6.TestShopSales" name="test_shop_sale_paneer" time="0.121" /><testcase classname="backend.tests.test_sales_page_v6.TestShopSales" name="test_shop_sale_dahi" time="0.196" /><testcase classname="backend.tests.test_sales_page_v6.TestShopSales" name="test_shop_sale_ghee" time="0.113" /><testcase classname="backend.tests.test_sales_page_v6.TestShopSales" name="test_shop_sale_lassi" time="0.113" /><testcase classname="backend.tests.test_sales_page_v6.TestShopSales" name="test_shop_sale_buttermilk" time="0.140" /><testcase classname="backend.tests.test_sales_page_v6.TestShopSales" name="test_shop_sale_cream" time="0.119" /><testcase classname="backend.tests.test_sales_page_v6.TestShopSales" name="test_shop_sale_other" time="0.151" /><testcase classname="backend.tests.test_sales_page_v6.TestTodaySales" name="test_get_today_sales" time="0.503"><failure message="AssertionError: assert 'count' in {'amount': 292.5, 'quantity': 4.5}">backend/tests/test_sales_page_v6.py:217: in test_get_today_sales
    assert "count" in breakdown
E   AssertionError: assert 'count' in {'amount': 292.5, 'quantity': 4.5}</failure></testcase><testcase classname="backend.tests.test_sales_page_v6.TestTodaySales" name="test_today_sales_includes_shop_sales" time="0.109" /><testcase classname="backend.tests.test_sales_page_v6.TestCustomers" name="test_get_customers" time="0.534" /><testcase classname="backend.tests.test_sales_page_v6.TestCustomers" name="test_create_customer" time="0.167" /><testcase classname="backend.tests.test_sales_page_v6.TestProfitDashboard" name="test_profit_report" time="0.472" /><testcase classname="backend.tests.test_sales_page_v6.TestDairyDispatch" name="test_get_dispatches" time="0.502" /><testcase classname="backend.tests.test_sales_page_v6.TestDairyDispatch" name="test_get_dairy_plants" time="0.112" /><testcase classname="backend.tests.test_sales_page_v6.TestDairyLedger" name="test_get_ledger" time="0.583" /></testsuite></testsuites>