<?xml version="1.0" encoding="utf-8"?><testsuites name="pytest tests"><testsuite name="pytest" errors="0" failures="0" skipped="0" tests="17" time="4.998" timestamp="2026-02-27T04:53:51.988916+00:00" hostname="agent-env-ab66233f-576d-44cd-a3b1-e55acc71e71d"><testcase classname="backend.tests.test_sales_page_v6.TestAuth" name="test_login_success" time="0.735" /><testcase classname="backend.tests.test_sales_page_v6.TestShopSales" name="test_shop_sale_milk" time="0.460" /><testcase classname="backend.tests.test_sales_page_v6.TestShopSales" name="test_shop_sale_paneer" time="0.124" /><testcase classname="backend.tests.test_sales_page_v6.TestShopSales" name="test_shop_sale_dahi" time="0.116" /><testcase classname="backend.tests.test_sales_page_v6.TestShopSales" name="test_shop_sale_ghee" time="0.117" /><testcase classname="backend.tests.test_sales_page_v6.TestShopSales" name="test_shop_sale_lassi" time="0.115" /><testcase classname="backend.tests.test_sales_page_v6.TestShopSales" name="test_shop_sale_buttermilk" time="0.123" /><testcase classname="backend.tests.test_sales_page_v6.TestShopSales" name="test_shop_sale_cream" time="0.115" /><testcase classname="backend.tests.test_sales_page_v6.TestShopSales" name="test_shop_sale_other" time="0.112" /><testcase classname="backend.tests.test_sales_page_v6.TestTodaySales" name="test_get_today_sales" time="0.454" /><testcase classname="backend.tests.test_sales_page_v6.TestTodaySales" name="test_today_sales_includes_shop_sales" time="0.115" /><testcase classname="backend.tests.test_sales_page_v6.TestCustomers" name="test_get_customers" time="0.511" /><testcase classname="backend.tests.test_sales_page_v6.TestCustomers" name="test_create_customer" time="0.145" /><testcase classname="backend.tests.test_sales_page_v6.TestProfitDashboard" name="test_profit_report" time="0.486" /><testcase classname="backend.tests.test_sales_page_v6.TestDairyDispatch" name="test_get_dispatches" time="0.465" /><testcase classname="backend.tests.test_sales_page_v6.TestDairyDispatch" name="test_get_dairy_plants" time="0.115" /><testcase classname="backend.tests.test_sales_page_v6.TestDairyLedger" name="test_get_ledger" time="0.608" /></testsuite></testsuites>