<?xml version="1.0" encoding="utf-8"?><testsuites name="pytest tests"><testsuite name="pytest" errors="0" failures="0" skipped="0" tests="10" time="6.946" timestamp="2026-02-27T14:39:50.334288+00:00" hostname="agent-env-b3e46d62-8a25-4cd5-bf37-26d4b3ce151b"><testcase classname="backend.tests.test_udhar_feature.TestWalkinCustomerCRUD" name="test_create_walkin_customer_success" time="0.528" /><testcase classname="backend.tests.test_udhar_feature.TestWalkinCustomerCRUD" name="test_create_walkin_customer_duplicate_phone_rejected" time="0.752" /><testcase classname="backend.tests.test_udhar_feature.TestWalkinCustomerCRUD" name="test_get_walkin_customers_list" time="0.498" /><testcase classname="backend.tests.test_udhar_feature.TestWalkinCustomerCRUD" name="test_get_walkin_customer_detail" time="0.700" /><testcase classname="backend.tests.test_udhar_feature.TestShopSaleUdhar" name="test_shop_sale_udhar_true_updates_pending_amount" time="0.801" /><testcase classname="backend.tests.test_udhar_feature.TestShopSaleUdhar" name="test_shop_sale_cash_no_pending_update" time="0.929" /><testcase classname="backend.tests.test_udhar_feature.TestUdharPayments" name="test_udhar_payment_reduces_pending_amount" time="0.942" /><testcase classname="backend.tests.test_udhar_feature.TestUdharPayments" name="test_udhar_payment_invalid_customer_404" time="0.682" /><testcase classname="backend.tests.test_udhar_feature.TestExistingTestCustomer" name="test_get_existing_walkin_customer" time="0.474" /><testcase classname="backend.tests.test_udhar_feature.TestTodaySalesUdharFlag" name="test_today_sales_shows_udhar_flag" time="0.456" /></testsuite></testsuites>