<?xml version="1.0" encoding="utf-8"?><testsuites name="pytest tests"><testsuite name="pytest" errors="0" failures="1" skipped="0" tests="12" time="3.674" timestamp="2026-02-27T08:30:59.006862+00:00" hostname="agent-env-b3e46d62-8a25-4cd5-bf37-26d4b3ce151b"><testcase classname="backend.tests.test_user_management.TestAuthRegister" name="test_register_without_auth_returns_401" time="0.198"><failure message="assert 403 == 401&#10; +  where 403 = &lt;Response [403]&gt;.status_code">backend/tests/test_user_management.py:29: in test_register_without_auth_returns_401
    assert response.status_code == 401
E   assert 403 == 401
E    +  where 403 = &lt;Response [403]&gt;.status_code</failure></testcase><testcase classname="backend.tests.test_user_management.TestAuthRegister" name="test_register_with_admin_token_succeeds" time="0.676" /><testcase classname="backend.tests.test_user_management.TestAuthRegister" name="test_register_with_staff_token_returns_403" time="0.432" /><testcase classname="backend.tests.test_user_management.TestAdminUserManagement" name="test_get_users_admin_succeeds" time="0.101" /><testcase classname="backend.tests.test_user_management.TestAdminUserManagement" name="test_get_users_staff_returns_403" time="0.101" /><testcase classname="backend.tests.test_user_management.TestAdminUserManagement" name="test_update_user_toggle_active" time="0.314" /><testcase classname="backend.tests.test_user_management.TestAdminUserManagement" name="test_reset_password" time="0.329" /><testcase classname="backend.tests.test_user_management.TestAdminUserManagement" name="test_reset_password_short_fails" time="0.126" /><testcase classname="backend.tests.test_user_management.TestAdminUserManagement" name="test_cannot_delete_self" time="0.211" /><testcase classname="backend.tests.test_user_management.TestLogin" name="test_login_admin_succeeds" time="0.323" /><testcase classname="backend.tests.test_user_management.TestLogin" name="test_login_staff_succeeds" time="0.328" /><testcase classname="backend.tests.test_user_management.TestLogin" name="test_login_invalid_credentials_fails" time="0.333" /></testsuite></testsuites>