<?xml version="1.0" encoding="utf-8"?><testsuites name="pytest tests"><testsuite name="pytest" errors="0" failures="0" skipped="0" tests="12" time="3.474" timestamp="2026-02-27T08:31:24.713346+00:00" hostname="agent-env-b3e46d62-8a25-4cd5-bf37-26d4b3ce151b"><testcase classname="backend.tests.test_user_management.TestAuthRegister" name="test_register_without_auth_returns_403" time="0.132" /><testcase classname="backend.tests.test_user_management.TestAuthRegister" name="test_register_with_admin_token_succeeds" time="0.658" /><testcase classname="backend.tests.test_user_management.TestAuthRegister" name="test_register_with_staff_token_returns_403" time="0.435" /><testcase classname="backend.tests.test_user_management.TestAdminUserManagement" name="test_get_users_admin_succeeds" time="0.106" /><testcase classname="backend.tests.test_user_management.TestAdminUserManagement" name="test_get_users_staff_returns_403" time="0.120" /><testcase classname="backend.tests.test_user_management.TestAdminUserManagement" name="test_update_user_toggle_active" time="0.321" /><testcase classname="backend.tests.test_user_management.TestAdminUserManagement" name="test_reset_password" time="0.331" /><testcase classname="backend.tests.test_user_management.TestAdminUserManagement" name="test_reset_password_short_fails" time="0.106" /><testcase classname="backend.tests.test_user_management.TestAdminUserManagement" name="test_cannot_delete_self" time="0.208" /><testcase classname="backend.tests.test_user_management.TestLogin" name="test_login_admin_succeeds" time="0.335" /><testcase classname="backend.tests.test_user_management.TestLogin" name="test_login_staff_succeeds" time="0.327" /><testcase classname="backend.tests.test_user_management.TestLogin" name="test_login_invalid_credentials_fails" time="0.328" /></testsuite></testsuites>